<?xml version="1.0" encoding="UTF-8"?>
<test-results name="Suite.dll" total="4" failures="1" errors="1" not-run="1">
  <test-suite type="Assembly" name="Suite.dll">
    <results>
      <test-suite type="TestFixture" name="Suite.CalculatorTests">
        <results>
          <test-case name="Suite.CalculatorTests.Adds" executed="True" result="Success" success="True" time="0.010"/>
          <test-case name="Suite.CalculatorTests.Subtracts" executed="True" result="Failure" success="False" time="0.020">
            <failure>
              <message>Expected 2 but was 3</message>
              <stack-trace>at CalculatorTests.Subtracts()</stack-trace>
            </failure>
          </test-case>
          <test-case name="Suite.CalculatorTests.Divides" executed="True" result="Error" success="False" time="0.005">
            <failure>
              <message>System.DivideByZeroException</message>
              <stack-trace>at CalculatorTests.Divides()</stack-trace>
            </failure>
          </test-case>
          <test-case name="Suite.CalculatorTests.Ignored" executed="False" result="Ignored">
            <reason>
              <message>not implemented</message>
            </reason>
          </test-case>
        </results>
      </test-suite>
    </results>
  </test-suite>
</test-results>
