<?xml version="1.0" encoding="UTF-8"?>
<!-- NUnit v3 [TestCase]: each row is a <test-case> whose `name` carries the args
     while `methodname` stays the bare method. Fail-then-pass order to expose
     any last-wins masking of the failure. -->
<test-run id="2" testcasecount="3" result="Failed" total="3" passed="2" failed="1">
  <test-suite type="Assembly" name="Suite.dll">
    <test-suite type="TestFixture" name="MathTests" classname="Suite.MathTests">
      <test-case id="2001" name="Adds(1,2)" classname="Suite.MathTests" methodname="Adds" result="Failed" duration="0.010">
        <failure>
          <message>Expected 3 but was 4</message>
          <stack-trace>at MathTests.Adds()</stack-trace>
        </failure>
      </test-case>
      <test-case id="2002" name="Adds(2,3)" classname="Suite.MathTests" methodname="Adds" result="Passed" duration="0.010"/>
      <test-case id="2003" name="Adds(3,4)" classname="Suite.MathTests" methodname="Adds" result="Passed" duration="0.010"/>
    </test-suite>
  </test-suite>
</test-run>
