<?xml version="1.0" encoding="UTF-8"?>
<test-run id="2" testcasecount="4" result="Failed" total="4" passed="1" failed="2" skipped="1">
  <test-suite type="Assembly" name="Suite.dll">
    <test-suite type="TestFixture" name="StringTests" classname="Suite.StringTests">
      <test-case id="1001" name="Concatenates" classname="Suite.StringTests" methodname="Concatenates" result="Passed" duration="0.001234"/>
      <test-case id="1002" name="Splits" classname="Suite.StringTests" methodname="Splits" result="Failed" duration="0.004">
        <failure>
          <message>Expected 3 items but got 2</message>
          <stack-trace>at StringTests.Splits()</stack-trace>
        </failure>
      </test-case>
      <test-case id="1003" name="Throws" classname="Suite.StringTests" methodname="Throws" result="Failed" label="Error" duration="0.002">
        <failure>
          <message>System.NullReferenceException</message>
          <stack-trace>at StringTests.Throws()</stack-trace>
        </failure>
      </test-case>
      <test-case id="1004" name="Pending" classname="Suite.StringTests" methodname="Pending" result="Skipped" duration="0">
        <reason>
          <message>ignored</message>
        </reason>
      </test-case>
    </test-suite>
  </test-suite>
</test-run>
